Build started 11/22/2012 8:38:07 PM.
     1>Project "C:\Users\Stein\Documents\GitHub\HW05-dubersaj\TSP\TSP\TSP.vcxproj" on node 2 (build target(s)).
     1>InitializeBuildStatus:
         Creating "Debug\TSP.unsuccessfulbuild" because "AlwaysCreate" was specified.
       ClCompile:
         c:\Program Files\Microsoft Visual Studio 10.0\VC\bin\CL.exe /c /ZI /nologo /W3 /WX- /Od /Oy- /D _MBCS /Gm /EHsc /RTC1 /MDd /GS /fp:precise /Zc:wchar_t /Zc:forScope /Fo"Debug\\" /Fd"Debug\vc100.pdb" /Gd /TP /analyze- /errorReport:prompt Controller.cpp HW05.cpp ListGraph.cpp MatrixGraph.cpp StarbucksMap.cpp Tester.cpp
         Tester.cpp
         StarbucksMap.cpp
         MatrixGraph.cpp
     1>c:\users\stein\documents\github\hw05-dubersaj\tsp\tsp\matrixgraph.cpp(8): warning C4018: '<' : signed/unsigned mismatch
     1>c:\users\stein\documents\github\hw05-dubersaj\tsp\tsp\matrixgraph.cpp(10): warning C4018: '<' : signed/unsigned mismatch
     1>c:\users\stein\documents\github\hw05-dubersaj\tsp\tsp\matrixgraph.cpp(44): warning C4018: '<' : signed/unsigned mismatch
         ListGraph.cpp
         HW05.cpp
         Controller.cpp
         Generating Code...
     1>c:\users\stein\documents\github\hw05-dubersaj\tsp\tsp\listgraph.cpp(55): warning C4715: 'ListGraph::getAdj' : not all control paths return a value
     1>c:\users\stein\documents\github\hw05-dubersaj\tsp\tsp\matrixgraph.cpp(56): warning C4715: 'MatrixGraph::getAdj' : not all control paths return a value
     1>c:\users\stein\documents\github\hw05-dubersaj\tsp\tsp\matrixgraph.cpp(62): warning C4715: 'MatrixGraph::degree' : not all control paths return a value
       Link:
         c:\Program Files\Microsoft Visual Studio 10.0\VC\bin\link.exe /ERRORREPORT:PROMPT /OUT:"C:\Users\Stein\Documents\GitHub\HW05-dubersaj\TSP\Debug\TSP.exe" /NOLOGO kernel32.lib user32.lib gdi32.lib winspool.lib comdlg32.lib advapi32.lib shell32.lib ole32.lib oleaut32.lib uuid.lib odbc32.lib odbccp32.lib /MANIFEST /ManifestFile:"Debug\TSP.exe.intermediate.manifest" /MANIFESTUAC:"level='asInvoker' uiAccess='false'" /DEBUG /PDB:"C:\Users\Stein\Documents\GitHub\HW05-dubersaj\TSP\Debug\TSP.pdb" /TLBID:1 /DYNAMICBASE /NXCOMPAT /IMPLIB:"C:\Users\Stein\Documents\GitHub\HW05-dubersaj\TSP\Debug\TSP.lib" /MACHINE:X86 Debug\Controller.obj
         Debug\HW05.obj
         Debug\ListGraph.obj
         Debug\MatrixGraph.obj
         Debug\StarbucksMap.obj
         Debug\Tester.obj
         TSP.vcxproj -> C:\Users\Stein\Documents\GitHub\HW05-dubersaj\TSP\Debug\TSP.exe
       Manifest:
         C:\Program Files\Microsoft SDKs\Windows\v7.0A\bin\mt.exe /nologo /verbose /outputresource:"C:\Users\Stein\Documents\GitHub\HW05-dubersaj\TSP\Debug\TSP.exe;#1" /manifest Debug\TSP.exe.intermediate.manifest
       FinalizeBuildStatus:
         Deleting file "Debug\TSP.unsuccessfulbuild".
         Touching "Debug\TSP.lastbuildstate".
     1>Done Building Project "C:\Users\Stein\Documents\GitHub\HW05-dubersaj\TSP\TSP\TSP.vcxproj" (build target(s)).

Build succeeded.

Time Elapsed 00:00:07.37
