C:\USERS\STEIN\DOCUMENTS\GITHUB\HW05-DUBERSAJ\TSP\DEBUG\TSP.EXE
C:\USERS\STEIN\DOCUMENTS\GITHUB\HW05-DUBERSAJ\TSP\DEBUG\TSP.ILK
C:\USERS\STEIN\DOCUMENTS\GITHUB\HW05-DUBERSAJ\TSP\DEBUG\TSP.PDB
C:\Users\Stein\Documents\GitHub\HW05-dubersaj\TSP\TSP\Debug\cl.command.1.tlog
C:\Users\Stein\Documents\GitHub\HW05-dubersaj\TSP\TSP\Debug\CL.read.1.tlog
C:\Users\Stein\Documents\GitHub\HW05-dubersaj\TSP\TSP\Debug\CL.write.1.tlog
C:\USERS\STEIN\DOCUMENTS\GITHUB\HW05-DUBERSAJ\TSP\TSP\DEBUG\CONTROLLER.OBJ
C:\USERS\STEIN\DOCUMENTS\GITHUB\HW05-DUBERSAJ\TSP\TSP\DEBUG\GRAPHALGS.OBJ
C:\Users\Stein\Documents\GitHub\HW05-dubersaj\TSP\TSP\Debug\link.command.1.tlog
C:\Users\Stein\Documents\GitHub\HW05-dubersaj\TSP\TSP\Debug\link.read.1.tlog
C:\Users\Stein\Documents\GitHub\HW05-dubersaj\TSP\TSP\Debug\link.write.1.tlog
C:\USERS\STEIN\DOCUMENTS\GITHUB\HW05-DUBERSAJ\TSP\TSP\DEBUG\LISTGRAPH.OBJ
C:\USERS\STEIN\DOCUMENTS\GITHUB\HW05-DUBERSAJ\TSP\TSP\DEBUG\MATRIXGRAPH.OBJ
C:\Users\Stein\Documents\GitHub\HW05-dubersaj\TSP\TSP\Debug\mt.command.1.tlog
C:\Users\Stein\Documents\GitHub\HW05-dubersaj\TSP\TSP\Debug\mt.read.1.tlog
C:\Users\Stein\Documents\GitHub\HW05-dubersaj\TSP\TSP\Debug\mt.write.1.tlog
C:\USERS\STEIN\DOCUMENTS\GITHUB\HW05-DUBERSAJ\TSP\TSP\DEBUG\STARBUCKSMAP.OBJ
C:\USERS\STEIN\DOCUMENTS\GITHUB\HW05-DUBERSAJ\TSP\TSP\DEBUG\TESTER.OBJ
C:\USERS\STEIN\DOCUMENTS\GITHUB\HW05-DUBERSAJ\TSP\TSP\DEBUG\TSP.EXE.INTERMEDIATE.MANIFEST
C:\Users\Stein\Documents\GitHub\HW05-dubersaj\TSP\TSP\Debug\vc100.idb
C:\USERS\STEIN\DOCUMENTS\GITHUB\HW05-DUBERSAJ\TSP\TSP\DEBUG\VC100.PDB
